# JRE version: OpenJDK Runtime Environment Temurin-21.0.11+10 (21.0.11+10) (build 21.0.11+10-LTS)
# Java VM: OpenJDK 64-Bit Server VM Temurin-21.0.11+10 (21.0.11+10-LTS, mixed mode, sharing, tiered, compressed oops, compressed class ptrs, parallel gc, windows-amd64)
GC Precious Log:
 CardTable entry size: 512
 CPUs: 16 total, 16 available
 Memory: 5989M
 Large Page Support: Disabled
 NUMA Support: Disabled
 Compressed Oops: Enabled (32-bit)
 Alignments: Space 512K, Generation 512K, Heap 2M
 Heap Min Capacity: 100M
 Heap Initial Capacity: 100M
 Heap Max Capacity: 2G
 Pre-touch: Disabled
 Parallel Workers: 13
Heap:
 PSYoungGen      total 3072K, used 1954K [0x00000000d5580000, 0x00000000d5b80000, 0x0000000100000000)
  eden space 2560K, 61% used [0x00000000d5580000,0x00000000d5708af8,0x00000000d5800000)
  from space 512K, 75% used [0x00000000d5b00000,0x00000000d5b60000,0x00000000d5b80000)
  to   space 1024K, 0% used [0x00000000d5980000,0x00000000d5980000,0x00000000d5a80000)
 ParOldGen       total 523776K, used 523503K [0x0000000080000000, 0x000000009ff80000, 0x00000000d5580000)
  object space 523776K, 99% used [0x0000000080000000,0x000000009ff3bdd8,0x000000009ff80000)
 Metaspace       used 89606K, committed 91456K, reserved 1179648K
  class space    used 9308K, committed 10112K, reserved 1048576K
GC Heap History (20 events):
Event: 1380.440 GC heap before
{Heap before GC invocations=669 (full 4):
 PSYoungGen      total 6144K, used 5568K [0x00000000d5580000, 0x00000000d5e80000, 0x0000000100000000)
  eden space 3072K, 100% used [0x00000000d5580000,0x00000000d5880000,0x00000000d5880000)
  from space 3072K, 81% used [0x00000000d5b80000,0x00000000d5df0000,0x00000000d5e80000)
  to   space 3072K, 0% used [0x00000000d5880000,0x00000000d5880000,0x00000000d5b80000)
 ParOldGen       total 472576K, used 472076K [0x0000000080000000, 0x000000009cd80000, 0x00000000d5580000)
  object space 472576K, 99% used [0x0000000080000000,0x000000009cd03170,0x000000009cd80000)
 Metaspace       used 89516K, committed 91392K, reserved 1179648K
  class space    used 9307K, committed 10112K, reserved 1048576K
}
Event: 1380.447 GC heap after
{Heap after GC invocations=669 (full 4):
 PSYoungGen      total 6144K, used 2976K [0x00000000d5580000, 0x00000000d5f80000, 0x0000000100000000)
  eden space 3072K, 0% used [0x00000000d5580000,0x00000000d5580000,0x00000000d5880000)
  from space 3072K, 96% used [0x00000000d5880000,0x00000000d5b68000,0x00000000d5b80000)
  to   space 3072K, 0% used [0x00000000d5c80000,0x00000000d5c80000,0x00000000d5f80000)
 ParOldGen       total 474624K, used 474436K [0x0000000080000000, 0x000000009cf80000, 0x00000000d5580000)
  object space 474624K, 99% used [0x0000000080000000,0x000000009cf51170,0x000000009cf80000)
 Metaspace       used 89516K, committed 91392K, reserved 1179648K
  class space    used 9307K, committed 10112K, reserved 1048576K
}
Event: 1380.467 GC heap before
{Heap before GC invocations=670 (full 4):
 PSYoungGen      total 6144K, used 5836K [0x00000000d5580000, 0x00000000d5f80000, 0x0000000100000000)
  eden space 3072K, 93% used [0x00000000d5580000,0x00000000d584b270,0x00000000d5880000)
  from space 3072K, 96% used [0x00000000d5880000,0x00000000d5b68000,0x00000000d5b80000)
  to   space 3072K, 0% used [0x00000000d5c80000,0x00000000d5c80000,0x00000000d5f80000)
 ParOldGen       total 474624K, used 474436K [0x0000000080000000, 0x000000009cf80000, 0x00000000d5580000)
  object space 474624K, 99% used [0x0000000080000000,0x000000009cf51170,0x000000009cf80000)
 Metaspace       used 89516K, committed 91392K, reserved 1179648K
  class space    used 9307K, committed 10112K, reserved 1048576K
}
Event: 1380.474 GC heap after
{Heap after GC invocations=670 (full 4):
 PSYoungGen      total 7168K, used 2322K [0x00000000d5580000, 0x00000000d5f80000, 0x0000000100000000)
  eden space 4096K, 0% used [0x00000000d5580000,0x00000000d5580000,0x00000000d5980000)
  from space 3072K, 75% used [0x00000000d5c80000,0x00000000d5ec4948,0x00000000d5f80000)
  to   space 3072K, 0% used [0x00000000d5980000,0x00000000d5980000,0x00000000d5c80000)
 ParOldGen       total 477696K, used 477196K [0x0000000080000000, 0x000000009d280000, 0x00000000d5580000)
  object space 477696K, 99% used [0x0000000080000000,0x000000009d203170,0x000000009d280000)
 Metaspace       used 89516K, committed 91392K, reserved 1179648K
  class space    used 9307K, committed 10112K, reserved 1048576K
}
Event: 1380.493 GC heap before
{Heap before GC invocations=671 (full 4):
 PSYoungGen      total 7168K, used 6375K [0x00000000d5580000, 0x00000000d5f80000, 0x0000000100000000)
  eden space 4096K, 98% used [0x00000000d5580000,0x00000000d59753c0,0x00000000d5980000)
  from space 3072K, 75% used [0x00000000d5c80000,0x00000000d5ec4948,0x00000000d5f80000)
  to   space 3072K, 0% used [0x00000000d5980000,0x00000000d5980000,0x00000000d5c80000)
 ParOldGen       total 477696K, used 477196K [0x0000000080000000, 0x000000009d280000, 0x00000000d5580000)
  object space 477696K, 99% used [0x0000000080000000,0x000000009d203170,0x000000009d280000)
 Metaspace       used 89516K, committed 91392K, reserved 1179648K
  class space    used 9307K, committed 10112K, reserved 1048576K
}
Event: 1380.498 GC heap after
{Heap after GC invocations=671 (full 4):
 PSYoungGen      total 7168K, used 3069K [0x00000000d5580000, 0x00000000d6680000, 0x0000000100000000)
  eden space 4096K, 0% used [0x00000000d5580000,0x00000000d5580000,0x00000000d5980000)
  from space 3072K, 99% used [0x00000000d5980000,0x00000000d5c7f630,0x00000000d5c80000)
  to   space 6144K, 0% used [0x00000000d6080000,0x00000000d6080000,0x00000000d6680000)
 ParOldGen       total 479744K, used 479444K [0x0000000080000000, 0x000000009d480000, 0x00000000d5580000)
  object space 479744K, 99% used [0x0000000080000000,0x000000009d4351a8,0x000000009d480000)
 Metaspace       used 89516K, committed 91392K, reserved 1179648K
  class space    used 9307K, committed 10112K, reserved 1048576K
}
Event: 1380.641 GC heap before
{Heap before GC invocations=672 (full 4):
 PSYoungGen      total 7168K, used 7165K [0x00000000d5580000, 0x00000000d6680000, 0x0000000100000000)
  eden space 4096K, 100% used [0x00000000d5580000,0x00000000d5980000,0x00000000d5980000)
  from space 3072K, 99% used [0x00000000d5980000,0x00000000d5c7f630,0x00000000d5c80000)
  to   space 6144K, 0% used [0x00000000d6080000,0x00000000d6080000,0x00000000d6680000)
 ParOldGen       total 511488K, used 510164K [0x0000000080000000, 0x000000009f380000, 0x00000000d5580000)
  object space 511488K, 99% used [0x0000000080000000,0x000000009f2351d8,0x000000009f380000)
 Metaspace       used 89532K, committed 91392K, reserved 1179648K
  class space    used 9307K, committed 10112K, reserved 1048576K
}
Event: 1380.646 GC heap after
{Heap after GC invocations=672 (full 4):
 PSYoungGen      total 6144K, used 1864K [0x00000000d5580000, 0x00000000d6280000, 0x0000000100000000)
  eden space 4096K, 0% used [0x00000000d5580000,0x00000000d5580000,0x00000000d5980000)
  from space 2048K, 91% used [0x00000000d6080000,0x00000000d6252000,0x00000000d6280000)
  to   space 3584K, 0% used [0x00000000d5b80000,0x00000000d5b80000,0x00000000d5f00000)
 ParOldGen       total 511488K, used 511056K [0x0000000080000000, 0x000000009f380000, 0x00000000d5580000)
  object space 511488K, 99% used [0x0000000080000000,0x000000009f3141d8,0x000000009f380000)
 Metaspace       used 89532K, committed 91392K, reserved 1179648K
  class space    used 9307K, committed 10112K, reserved 1048576K
}
Event: 1380.800 GC heap before
{Heap before GC invocations=673 (full 4):
 PSYoungGen      total 6144K, used 5960K [0x00000000d5580000, 0x00000000d6280000, 0x0000000100000000)
  eden space 4096K, 100% used [0x00000000d5580000,0x00000000d5980000,0x00000000d5980000)
  from space 2048K, 91% used [0x00000000d6080000,0x00000000d6252000,0x00000000d6280000)
  to   space 3584K, 0% used [0x00000000d5b80000,0x00000000d5b80000,0x00000000d5f00000)
 ParOldGen       total 511488K, used 511056K [0x0000000080000000, 0x000000009f380000, 0x00000000d5580000)
  object space 511488K, 99% used [0x0000000080000000,0x000000009f3141d8,0x000000009f380000)
 Metaspace       used 89532K, committed 91392K, reserved 1179648K
  class space    used 9307K, committed 10112K, reserved 1048576K
}
Event: 1380.809 GC heap after
{Heap after GC invocations=673 (full 4):
 PSYoungGen      total 7680K, used 3082K [0x00000000d5580000, 0x00000000d6100000, 0x0000000100000000)
  eden space 4096K, 0% used [0x00000000d5580000,0x00000000d5580000,0x00000000d5980000)
  from space 3584K, 86% used [0x00000000d5b80000,0x00000000d5e82bf0,0x00000000d5f00000)
  to   space 2048K, 0% used [0x00000000d5f00000,0x00000000d5f00000,0x00000000d6100000)
 ParOldGen       total 513536K, used 512716K [0x0000000080000000, 0x000000009f580000, 0x00000000d5580000)
  object space 513536K, 99% used [0x0000000080000000,0x000000009f4b31e8,0x000000009f580000)
 Metaspace       used 89532K, committed 91392K, reserved 1179648K
  class space    used 9307K, committed 10112K, reserved 1048576K
}
Event: 1380.832 GC heap before
{Heap before GC invocations=674 (full 4):
 PSYoungGen      total 7680K, used 7178K [0x00000000d5580000, 0x00000000d6100000, 0x0000000100000000)
  eden space 4096K, 100% used [0x00000000d5580000,0x00000000d5980000,0x00000000d5980000)
  from space 3584K, 86% used [0x00000000d5b80000,0x00000000d5e82bf0,0x00000000d5f00000)
  to   space 2048K, 0% used [0x00000000d5f00000,0x00000000d5f00000,0x00000000d6100000)
 ParOldGen       total 513536K, used 512716K [0x0000000080000000, 0x000000009f580000, 0x00000000d5580000)
  object space 513536K, 99% used [0x0000000080000000,0x000000009f4b31e8,0x000000009f580000)
 Metaspace       used 89532K, committed 91392K, reserved 1179648K
  class space    used 9307K, committed 10112K, reserved 1048576K
}
Event: 1380.841 GC heap after
{Heap after GC invocations=674 (full 4):
 PSYoungGen      total 4096K, used 2048K [0x00000000d5580000, 0x00000000d6880000, 0x0000000100000000)
  eden space 2048K, 0% used [0x00000000d5580000,0x00000000d5580000,0x00000000d5780000)
  from space 2048K, 100% used [0x00000000d5f00000,0x00000000d6100000,0x00000000d6100000)
  to   space 7680K, 0% used [0x00000000d5780000,0x00000000d5780000,0x00000000d5f00000)
 ParOldGen       total 517632K, used 517375K [0x0000000080000000, 0x000000009f980000, 0x00000000d5580000)
  object space 517632K, 99% used [0x0000000080000000,0x000000009f93fdd8,0x000000009f980000)
 Metaspace       used 89532K, committed 91392K, reserved 1179648K
  class space    used 9307K, committed 10112K, reserved 1048576K
}
Event: 1380.855 GC heap before
{Heap before GC invocations=675 (full 4):
 PSYoungGen      total 4096K, used 4096K [0x00000000d5580000, 0x00000000d6880000, 0x0000000100000000)
  eden space 2048K, 100% used [0x00000000d5580000,0x00000000d5780000,0x00000000d5780000)
  from space 2048K, 100% used [0x00000000d5f00000,0x00000000d6100000,0x00000000d6100000)
  to   space 7680K, 0% used [0x00000000d5780000,0x00000000d5780000,0x00000000d5f00000)
 ParOldGen       total 517632K, used 517375K [0x0000000080000000, 0x000000009f980000, 0x00000000d5580000)
  object space 517632K, 99% used [0x0000000080000000,0x000000009f93fdd8,0x000000009f980000)
 Metaspace       used 89532K, committed 91392K, reserved 1179648K
  class space    used 9307K, committed 10112K, reserved 1048576K
}
Event: 1380.861 GC heap after
{Heap after GC invocations=675 (full 4):
 PSYoungGen      total 4608K, used 2076K [0x00000000d5580000, 0x00000000d6000000, 0x0000000100000000)
  eden space 2048K, 0% used [0x00000000d5580000,0x00000000d5580000,0x00000000d5780000)
  from space 2560K, 81% used [0x00000000d5780000,0x00000000d5987000,0x00000000d5a00000)
  to   space 4096K, 0% used [0x00000000d5c00000,0x00000000d5c00000,0x00000000d6000000)
 ParOldGen       total 519680K, used 519487K [0x0000000080000000, 0x000000009fb80000, 0x00000000d5580000)
  object space 519680K, 99% used [0x0000000080000000,0x000000009fb4fdd8,0x000000009fb80000)
 Metaspace       used 89532K, committed 91392K, reserved 1179648K
  class space    used 9307K, committed 10112K, reserved 1048576K
}
Event: 1380.890 GC heap before
{Heap before GC invocations=676 (full 4):
 PSYoungGen      total 4608K, used 4009K [0x00000000d5580000, 0x00000000d6000000, 0x0000000100000000)
  eden space 2048K, 94% used [0x00000000d5580000,0x00000000d57635c8,0x00000000d5780000)
  from space 2560K, 81% used [0x00000000d5780000,0x00000000d5987000,0x00000000d5a00000)
  to   space 4096K, 0% used [0x00000000d5c00000,0x00000000d5c00000,0x00000000d6000000)
 ParOldGen       total 519680K, used 519487K [0x0000000080000000, 0x000000009fb80000, 0x00000000d5580000)
  object space 519680K, 99% used [0x0000000080000000,0x000000009fb4fdd8,0x000000009fb80000)
 Metaspace       used 89532K, committed 91392K, reserved 1179648K
  class space    used 9307K, committed 10112K, reserved 1048576K
}
Event: 1380.896 GC heap after
{Heap after GC invocations=676 (full 4):
 PSYoungGen      total 4608K, used 1728K [0x00000000d5580000, 0x00000000d5e00000, 0x0000000100000000)
  eden space 2560K, 0% used [0x00000000d5580000,0x00000000d5580000,0x00000000d5800000)
  from space 2048K, 84% used [0x00000000d5c00000,0x00000000d5db0000,0x00000000d5e00000)
  to   space 2560K, 0% used [0x00000000d5900000,0x00000000d5900000,0x00000000d5b80000)
 ParOldGen       total 521728K, used 521375K [0x0000000080000000, 0x000000009fd80000, 0x00000000d5580000)
  object space 521728K, 99% used [0x0000000080000000,0x000000009fd27dd8,0x000000009fd80000)
 Metaspace       used 89532K, committed 91392K, reserved 1179648K
  class space    used 9307K, committed 10112K, reserved 1048576K
}
Event: 1423.448 GC heap before
{Heap before GC invocations=677 (full 4):
 PSYoungGen      total 4608K, used 4287K [0x00000000d5580000, 0x00000000d5e00000, 0x0000000100000000)
  eden space 2560K, 99% used [0x00000000d5580000,0x00000000d57ffff8,0x00000000d5800000)
  from space 2048K, 84% used [0x00000000d5c00000,0x00000000d5db0000,0x00000000d5e00000)
  to   space 2560K, 0% used [0x00000000d5900000,0x00000000d5900000,0x00000000d5b80000)
 ParOldGen       total 521728K, used 521375K [0x0000000080000000, 0x000000009fd80000, 0x00000000d5580000)
  object space 521728K, 99% used [0x0000000080000000,0x000000009fd27dd8,0x000000009fd80000)
 Metaspace       used 89554K, committed 91392K, reserved 1179648K
  class space    used 9308K, committed 10112K, reserved 1048576K
}
Event: 1423.486 GC heap after
{Heap after GC invocations=677 (full 4):
 PSYoungGen      total 4096K, used 1200K [0x00000000d5580000, 0x00000000d5c80000, 0x0000000100000000)
  eden space 2560K, 0% used [0x00000000d5580000,0x00000000d5580000,0x00000000d5800000)
  from space 1536K, 78% used [0x00000000d5900000,0x00000000d5a2c010,0x00000000d5a80000)
  to   space 1536K, 0% used [0x00000000d5b00000,0x00000000d5b00000,0x00000000d5c80000)
 ParOldGen       total 522752K, used 522567K [0x0000000080000000, 0x000000009fe80000, 0x00000000d5580000)
  object space 522752K, 99% used [0x0000000080000000,0x000000009fe51dd8,0x000000009fe80000)
 Metaspace       used 89554K, committed 91392K, reserved 1179648K
  class space    used 9308K, committed 10112K, reserved 1048576K
}
Event: 1977.974 GC heap before
{Heap before GC invocations=678 (full 4):
 PSYoungGen      total 4096K, used 3759K [0x00000000d5580000, 0x00000000d5c80000, 0x0000000100000000)
  eden space 2560K, 99% used [0x00000000d5580000,0x00000000d57fff68,0x00000000d5800000)
  from space 1536K, 78% used [0x00000000d5900000,0x00000000d5a2c010,0x00000000d5a80000)
  to   space 1536K, 0% used [0x00000000d5b00000,0x00000000d5b00000,0x00000000d5c80000)
 ParOldGen       total 522752K, used 522567K [0x0000000080000000, 0x000000009fe80000, 0x00000000d5580000)
  object space 522752K, 99% used [0x0000000080000000,0x000000009fe51dd8,0x000000009fe80000)
 Metaspace       used 89581K, committed 91392K, reserved 1179648K
  class space    used 9308K, committed 10112K, reserved 1048576K
}
Event: 1978.132 GC heap after
{Heap after GC invocations=678 (full 4):
 PSYoungGen      total 3072K, used 384K [0x00000000d5580000, 0x00000000d5b80000, 0x0000000100000000)
  eden space 2560K, 0% used [0x00000000d5580000,0x00000000d5580000,0x00000000d5800000)
  from space 512K, 75% used [0x00000000d5b00000,0x00000000d5b60000,0x00000000d5b80000)
  to   space 1024K, 0% used [0x00000000d5980000,0x00000000d5980000,0x00000000d5a80000)
 ParOldGen       total 523776K, used 523503K [0x0000000080000000, 0x000000009ff80000, 0x00000000d5580000)
  object space 523776K, 99% used [0x0000000080000000,0x000000009ff3bdd8,0x000000009ff80000)
 Metaspace       used 89581K, committed 91392K, reserved 1179648K
  class space    used 9308K, committed 10112K, reserved 1048576K
}

