# JRE version: OpenJDK Runtime Environment Temurin-21.0.11+10 (21.0.11+10) (build 21.0.11+10-LTS)
# Java VM: OpenJDK 64-Bit Server VM Temurin-21.0.11+10 (21.0.11+10-LTS, mixed mode, sharing, tiered, compressed oops, compressed class ptrs, parallel gc, windows-amd64)
GC Precious Log:
 CardTable entry size: 512
 CPUs: 16 total, 16 available
 Memory: 5989M
 Large Page Support: Disabled
 NUMA Support: Disabled
 Compressed Oops: Enabled (32-bit)
 Alignments: Space 512K, Generation 512K, Heap 2M
 Heap Min Capacity: 100M
 Heap Initial Capacity: 100M
 Heap Max Capacity: 2G
 Pre-touch: Disabled
 Parallel Workers: 13
Heap:
 PSYoungGen      total 16384K, used 15200K [0x00000000d5580000, 0x00000000d6980000, 0x0000000100000000)
  eden space 12800K, 90% used [0x00000000d5580000,0x00000000d60d88e8,0x00000000d6200000)
  from space 3584K, 99% used [0x00000000d6280000,0x00000000d65ff878,0x00000000d6600000)
  to   space 3584K, 0% used [0x00000000d6600000,0x00000000d6600000,0x00000000d6980000)
 ParOldGen       total 379392K, used 373635K [0x0000000080000000, 0x0000000097280000, 0x00000000d5580000)
  object space 379392K, 98% used [0x0000000080000000,0x0000000096ce0f50,0x0000000097280000)
 Metaspace       used 63130K, committed 64576K, reserved 1114112K
  class space    used 6588K, committed 7232K, reserved 1048576K
GC Heap History (20 events):
Event: 52.921 GC heap before
{Heap before GC invocations=406 (full 4):
 PSYoungGen      total 12800K, used 12787K [0x00000000d5580000, 0x00000000d6680000, 0x0000000100000000)
  eden space 9728K, 100% used [0x00000000d5580000,0x00000000d5f00000,0x00000000d5f00000)
  from space 3072K, 99% used [0x00000000d5f00000,0x00000000d61fcc10,0x00000000d6200000)
  to   space 3584K, 0% used [0x00000000d6300000,0x00000000d6300000,0x00000000d6680000)
 ParOldGen       total 379392K, used 367217K [0x0000000080000000, 0x0000000097280000, 0x00000000d5580000)
  object space 379392K, 96% used [0x0000000080000000,0x000000009669c430,0x0000000097280000)
 Metaspace       used 63119K, committed 64576K, reserved 1114112K
  class space    used 6588K, committed 7232K, reserved 1048576K
}
Event: 52.926 GC heap after
{Heap after GC invocations=406 (full 4):
 PSYoungGen      total 12800K, used 2166K [0x00000000d5580000, 0x00000000d6580000, 0x0000000100000000)
  eden space 10240K, 0% used [0x00000000d5580000,0x00000000d5580000,0x00000000d5f80000)
  from space 2560K, 84% used [0x00000000d6300000,0x00000000d651d808,0x00000000d6580000)
  to   space 3072K, 0% used [0x00000000d5f80000,0x00000000d5f80000,0x00000000d6280000)
 ParOldGen       total 379392K, used 369055K [0x0000000080000000, 0x0000000097280000, 0x00000000d5580000)
  object space 379392K, 97% used [0x0000000080000000,0x0000000096867f40,0x0000000097280000)
 Metaspace       used 63119K, committed 64576K, reserved 1114112K
  class space    used 6588K, committed 7232K, reserved 1048576K
}
Event: 53.240 GC heap before
{Heap before GC invocations=407 (full 4):
 PSYoungGen      total 12800K, used 12406K [0x00000000d5580000, 0x00000000d6580000, 0x0000000100000000)
  eden space 10240K, 100% used [0x00000000d5580000,0x00000000d5f80000,0x00000000d5f80000)
  from space 2560K, 84% used [0x00000000d6300000,0x00000000d651d808,0x00000000d6580000)
  to   space 3072K, 0% used [0x00000000d5f80000,0x00000000d5f80000,0x00000000d6280000)
 ParOldGen       total 379392K, used 369055K [0x0000000080000000, 0x0000000097280000, 0x00000000d5580000)
  object space 379392K, 97% used [0x0000000080000000,0x0000000096867f40,0x0000000097280000)
 Metaspace       used 63122K, committed 64576K, reserved 1114112K
  class space    used 6588K, committed 7232K, reserved 1048576K
}
Event: 53.244 GC heap after
{Heap after GC invocations=407 (full 4):
 PSYoungGen      total 11264K, used 800K [0x00000000d5580000, 0x00000000d6380000, 0x0000000100000000)
  eden space 10240K, 0% used [0x00000000d5580000,0x00000000d5580000,0x00000000d5f80000)
  from space 1024K, 78% used [0x00000000d5f80000,0x00000000d6048000,0x00000000d6080000)
  to   space 1536K, 0% used [0x00000000d6200000,0x00000000d6200000,0x00000000d6380000)
 ParOldGen       total 379392K, used 369055K [0x0000000080000000, 0x0000000097280000, 0x00000000d5580000)
  object space 379392K, 97% used [0x0000000080000000,0x0000000096867f40,0x0000000097280000)
 Metaspace       used 63122K, committed 64576K, reserved 1114112K
  class space    used 6588K, committed 7232K, reserved 1048576K
}
Event: 53.489 GC heap before
{Heap before GC invocations=408 (full 4):
 PSYoungGen      total 11264K, used 11040K [0x00000000d5580000, 0x00000000d6380000, 0x0000000100000000)
  eden space 10240K, 100% used [0x00000000d5580000,0x00000000d5f80000,0x00000000d5f80000)
  from space 1024K, 78% used [0x00000000d5f80000,0x00000000d6048000,0x00000000d6080000)
  to   space 1536K, 0% used [0x00000000d6200000,0x00000000d6200000,0x00000000d6380000)
 ParOldGen       total 379392K, used 369055K [0x0000000080000000, 0x0000000097280000, 0x00000000d5580000)
  object space 379392K, 97% used [0x0000000080000000,0x0000000096867f40,0x0000000097280000)
 Metaspace       used 63128K, committed 64576K, reserved 1114112K
  class space    used 6588K, committed 7232K, reserved 1048576K
}
Event: 53.492 GC heap after
{Heap after GC invocations=408 (full 4):
 PSYoungGen      total 12288K, used 1523K [0x00000000d5580000, 0x00000000d6400000, 0x0000000100000000)
  eden space 10752K, 0% used [0x00000000d5580000,0x00000000d5580000,0x00000000d6000000)
  from space 1536K, 99% used [0x00000000d6200000,0x00000000d637ce88,0x00000000d6380000)
  to   space 2048K, 0% used [0x00000000d6000000,0x00000000d6000000,0x00000000d6200000)
 ParOldGen       total 379392K, used 369063K [0x0000000080000000, 0x0000000097280000, 0x00000000d5580000)
  object space 379392K, 97% used [0x0000000080000000,0x0000000096869f40,0x0000000097280000)
 Metaspace       used 63128K, committed 64576K, reserved 1114112K
  class space    used 6588K, committed 7232K, reserved 1048576K
}
Event: 53.586 GC heap before
{Heap before GC invocations=409 (full 4):
 PSYoungGen      total 12288K, used 12275K [0x00000000d5580000, 0x00000000d6400000, 0x0000000100000000)
  eden space 10752K, 100% used [0x00000000d5580000,0x00000000d6000000,0x00000000d6000000)
  from space 1536K, 99% used [0x00000000d6200000,0x00000000d637ce88,0x00000000d6380000)
  to   space 2048K, 0% used [0x00000000d6000000,0x00000000d6000000,0x00000000d6200000)
 ParOldGen       total 379392K, used 369063K [0x0000000080000000, 0x0000000097280000, 0x00000000d5580000)
  object space 379392K, 97% used [0x0000000080000000,0x0000000096869f40,0x0000000097280000)
 Metaspace       used 63128K, committed 64576K, reserved 1114112K
  class space    used 6588K, committed 7232K, reserved 1048576K
}
Event: 53.591 GC heap after
{Heap after GC invocations=409 (full 4):
 PSYoungGen      total 12800K, used 2025K [0x00000000d5580000, 0x00000000d6680000, 0x0000000100000000)
  eden space 10752K, 0% used [0x00000000d5580000,0x00000000d5580000,0x00000000d6000000)
  from space 2048K, 98% used [0x00000000d6000000,0x00000000d61fa690,0x00000000d6200000)
  to   space 3072K, 0% used [0x00000000d6380000,0x00000000d6380000,0x00000000d6680000)
 ParOldGen       total 379392K, used 369495K [0x0000000080000000, 0x0000000097280000, 0x00000000d5580000)
  object space 379392K, 97% used [0x0000000080000000,0x00000000968d5f40,0x0000000097280000)
 Metaspace       used 63128K, committed 64576K, reserved 1114112K
  class space    used 6588K, committed 7232K, reserved 1048576K
}
Event: 53.696 GC heap before
{Heap before GC invocations=410 (full 4):
 PSYoungGen      total 12800K, used 12777K [0x00000000d5580000, 0x00000000d6680000, 0x0000000100000000)
  eden space 10752K, 100% used [0x00000000d5580000,0x00000000d6000000,0x00000000d6000000)
  from space 2048K, 98% used [0x00000000d6000000,0x00000000d61fa690,0x00000000d6200000)
  to   space 3072K, 0% used [0x00000000d6380000,0x00000000d6380000,0x00000000d6680000)
 ParOldGen       total 379392K, used 369495K [0x0000000080000000, 0x0000000097280000, 0x00000000d5580000)
  object space 379392K, 97% used [0x0000000080000000,0x00000000968d5f40,0x0000000097280000)
 Metaspace       used 63128K, committed 64576K, reserved 1114112K
  class space    used 6588K, committed 7232K, reserved 1048576K
}
Event: 53.700 GC heap after
{Heap after GC invocations=410 (full 4):
 PSYoungGen      total 14336K, used 2825K [0x00000000d5580000, 0x00000000d6680000, 0x0000000100000000)
  eden space 11264K, 0% used [0x00000000d5580000,0x00000000d5580000,0x00000000d6080000)
  from space 3072K, 91% used [0x00000000d6380000,0x00000000d6642690,0x00000000d6680000)
  to   space 3072K, 0% used [0x00000000d6080000,0x00000000d6080000,0x00000000d6380000)
 ParOldGen       total 379392K, used 369727K [0x0000000080000000, 0x0000000097280000, 0x00000000d5580000)
  object space 379392K, 97% used [0x0000000080000000,0x000000009690ff40,0x0000000097280000)
 Metaspace       used 63128K, committed 64576K, reserved 1114112K
  class space    used 6588K, committed 7232K, reserved 1048576K
}
Event: 53.800 GC heap before
{Heap before GC invocations=411 (full 4):
 PSYoungGen      total 14336K, used 14089K [0x00000000d5580000, 0x00000000d6680000, 0x0000000100000000)
  eden space 11264K, 100% used [0x00000000d5580000,0x00000000d6080000,0x00000000d6080000)
  from space 3072K, 91% used [0x00000000d6380000,0x00000000d6642690,0x00000000d6680000)
  to   space 3072K, 0% used [0x00000000d6080000,0x00000000d6080000,0x00000000d6380000)
 ParOldGen       total 379392K, used 369727K [0x0000000080000000, 0x0000000097280000, 0x00000000d5580000)
  object space 379392K, 97% used [0x0000000080000000,0x000000009690ff40,0x0000000097280000)
 Metaspace       used 63128K, committed 64576K, reserved 1114112K
  class space    used 6588K, committed 7232K, reserved 1048576K
}
Event: 53.804 GC heap after
{Heap after GC invocations=411 (full 4):
 PSYoungGen      total 14336K, used 3071K [0x00000000d5580000, 0x00000000d6900000, 0x0000000100000000)
  eden space 11264K, 0% used [0x00000000d5580000,0x00000000d5580000,0x00000000d6080000)
  from space 3072K, 99% used [0x00000000d6080000,0x00000000d637fe90,0x00000000d6380000)
  to   space 4096K, 0% used [0x00000000d6500000,0x00000000d6500000,0x00000000d6900000)
 ParOldGen       total 379392K, used 370431K [0x0000000080000000, 0x0000000097280000, 0x00000000d5580000)
  object space 379392K, 97% used [0x0000000080000000,0x00000000969bff40,0x0000000097280000)
 Metaspace       used 63128K, committed 64576K, reserved 1114112K
  class space    used 6588K, committed 7232K, reserved 1048576K
}
Event: 53.870 GC heap before
{Heap before GC invocations=412 (full 4):
 PSYoungGen      total 14336K, used 14335K [0x00000000d5580000, 0x00000000d6900000, 0x0000000100000000)
  eden space 11264K, 100% used [0x00000000d5580000,0x00000000d6080000,0x00000000d6080000)
  from space 3072K, 99% used [0x00000000d6080000,0x00000000d637fe90,0x00000000d6380000)
  to   space 4096K, 0% used [0x00000000d6500000,0x00000000d6500000,0x00000000d6900000)
 ParOldGen       total 379392K, used 370431K [0x0000000080000000, 0x0000000097280000, 0x00000000d5580000)
  object space 379392K, 97% used [0x0000000080000000,0x00000000969bffd0,0x0000000097280000)
 Metaspace       used 63128K, committed 64576K, reserved 1114112K
  class space    used 6588K, committed 7232K, reserved 1048576K
}
Event: 53.875 GC heap after
{Heap after GC invocations=412 (full 4):
 PSYoungGen      total 14848K, used 2940K [0x00000000d5580000, 0x00000000d6800000, 0x0000000100000000)
  eden space 11776K, 0% used [0x00000000d5580000,0x00000000d5580000,0x00000000d6100000)
  from space 3072K, 95% used [0x00000000d6500000,0x00000000d67df018,0x00000000d6800000)
  to   space 3584K, 0% used [0x00000000d6100000,0x00000000d6100000,0x00000000d6480000)
 ParOldGen       total 379392K, used 371839K [0x0000000080000000, 0x0000000097280000, 0x00000000d5580000)
  object space 379392K, 98% used [0x0000000080000000,0x0000000096b1fee8,0x0000000097280000)
 Metaspace       used 63128K, committed 64576K, reserved 1114112K
  class space    used 6588K, committed 7232K, reserved 1048576K
}
Event: 53.955 GC heap before
{Heap before GC invocations=413 (full 4):
 PSYoungGen      total 14848K, used 14716K [0x00000000d5580000, 0x00000000d6800000, 0x0000000100000000)
  eden space 11776K, 100% used [0x00000000d5580000,0x00000000d6100000,0x00000000d6100000)
  from space 3072K, 95% used [0x00000000d6500000,0x00000000d67df018,0x00000000d6800000)
  to   space 3584K, 0% used [0x00000000d6100000,0x00000000d6100000,0x00000000d6480000)
 ParOldGen       total 379392K, used 371843K [0x0000000080000000, 0x0000000097280000, 0x00000000d5580000)
  object space 379392K, 98% used [0x0000000080000000,0x0000000096b20f50,0x0000000097280000)
 Metaspace       used 63130K, committed 64576K, reserved 1114112K
  class space    used 6588K, committed 7232K, reserved 1048576K
}
Event: 54.966 GC heap after
{Heap after GC invocations=413 (full 4):
 PSYoungGen      total 15360K, used 3576K [0x00000000d5580000, 0x00000000d6a80000, 0x0000000100000000)
  eden space 11776K, 0% used [0x00000000d5580000,0x00000000d5580000,0x00000000d6100000)
  from space 3584K, 99% used [0x00000000d6100000,0x00000000d647e008,0x00000000d6480000)
  to   space 4608K, 0% used [0x00000000d6600000,0x00000000d6600000,0x00000000d6a80000)
 ParOldGen       total 379392K, used 372291K [0x0000000080000000, 0x0000000097280000, 0x00000000d5580000)
  object space 379392K, 98% used [0x0000000080000000,0x0000000096b90f50,0x0000000097280000)
 Metaspace       used 63130K, committed 64576K, reserved 1114112K
  class space    used 6588K, committed 7232K, reserved 1048576K
}
Event: 55.046 GC heap before
{Heap before GC invocations=414 (full 4):
 PSYoungGen      total 15360K, used 15352K [0x00000000d5580000, 0x00000000d6a80000, 0x0000000100000000)
  eden space 11776K, 100% used [0x00000000d5580000,0x00000000d6100000,0x00000000d6100000)
  from space 3584K, 99% used [0x00000000d6100000,0x00000000d647e008,0x00000000d6480000)
  to   space 4608K, 0% used [0x00000000d6600000,0x00000000d6600000,0x00000000d6a80000)
 ParOldGen       total 379392K, used 372291K [0x0000000080000000, 0x0000000097280000, 0x00000000d5580000)
  object space 379392K, 98% used [0x0000000080000000,0x0000000096b90f50,0x0000000097280000)
 Metaspace       used 63130K, committed 64576K, reserved 1114112K
  class space    used 6588K, committed 7232K, reserved 1048576K
}
Event: 56.054 GC heap after
{Heap after GC invocations=414 (full 4):
 PSYoungGen      total 16384K, used 3256K [0x00000000d5580000, 0x00000000d6980000, 0x0000000100000000)
  eden space 12800K, 0% used [0x00000000d5580000,0x00000000d5580000,0x00000000d6200000)
  from space 3584K, 90% used [0x00000000d6600000,0x00000000d692e008,0x00000000d6980000)
  to   space 3584K, 0% used [0x00000000d6280000,0x00000000d6280000,0x00000000d6600000)
 ParOldGen       total 379392K, used 373627K [0x0000000080000000, 0x0000000097280000, 0x00000000d5580000)
  object space 379392K, 98% used [0x0000000080000000,0x0000000096cdef50,0x0000000097280000)
 Metaspace       used 63130K, committed 64576K, reserved 1114112K
  class space    used 6588K, committed 7232K, reserved 1048576K
}
Event: 56.722 GC heap before
{Heap before GC invocations=415 (full 4):
 PSYoungGen      total 16384K, used 16056K [0x00000000d5580000, 0x00000000d6980000, 0x0000000100000000)
  eden space 12800K, 100% used [0x00000000d5580000,0x00000000d6200000,0x00000000d6200000)
  from space 3584K, 90% used [0x00000000d6600000,0x00000000d692e008,0x00000000d6980000)
  to   space 3584K, 0% used [0x00000000d6280000,0x00000000d6280000,0x00000000d6600000)
 ParOldGen       total 379392K, used 373627K [0x0000000080000000, 0x0000000097280000, 0x00000000d5580000)
  object space 379392K, 98% used [0x0000000080000000,0x0000000096cdef50,0x0000000097280000)
 Metaspace       used 63130K, committed 64576K, reserved 1114112K
  class space    used 6588K, committed 7232K, reserved 1048576K
}
Event: 58.748 GC heap after
{Heap after GC invocations=415 (full 4):
 PSYoungGen      total 16384K, used 3582K [0x00000000d5580000, 0x00000000d6980000, 0x0000000100000000)
  eden space 12800K, 0% used [0x00000000d5580000,0x00000000d5580000,0x00000000d6200000)
  from space 3584K, 99% used [0x00000000d6280000,0x00000000d65ff878,0x00000000d6600000)
  to   space 3584K, 0% used [0x00000000d6600000,0x00000000d6600000,0x00000000d6980000)
 ParOldGen       total 379392K, used 373635K [0x0000000080000000, 0x0000000097280000, 0x00000000d5580000)
  object space 379392K, 98% used [0x0000000080000000,0x0000000096ce0f50,0x0000000097280000)
 Metaspace       used 63130K, committed 64576K, reserved 1114112K
  class space    used 6588K, committed 7232K, reserved 1048576K
}

