# JRE version: Java(TM) SE Runtime Environment (24.0+36) (build 24+36-3646)
# Java VM: Java HotSpot(TM) 64-Bit Server VM (24+36-3646, mixed mode, emulated-client, sharing, tiered, compressed oops, compressed class ptrs, g1 gc, windows-amd64)
GC Precious Log:
 CardTable entry size: 512
 Card Set container configuration: InlinePtr #cards 5 size 8 Array Of Cards #cards 10 size 36 Howl #buckets 4 coarsen threshold 1843 Howl Bitmap #cards 512 size 80 coarsen threshold 460 Card regions per heap region 1 cards per card region 2048
 CPUs: 16 total, 16 available
 Memory: 5989M
 Large Page Support: Disabled
 NUMA Support: Disabled
 Compressed Oops: Enabled (32-bit)
 Heap Region Size: 1M
 Heap Min Capacity: 8M
 Heap Initial Capacity: 94M
 Heap Max Capacity: 1498M
 Pre-touch: Disabled
 Parallel Workers: 13
 Concurrent Workers: 3
 Concurrent Refinement Workers: 13
 Periodic GC: Disabled
Heap:
 garbage-first heap   total reserved 1533952K, committed 98304K, used 34428K [0x00000000a2600000, 0x0000000100000000)
  region size 1024K, 4 young (4096K), 4 survivors (4096K)
 Metaspace       used 74295K, committed 75136K, reserved 1179648K
  class space    used 8462K, committed 8832K, reserved 1048576K
GC Heap History (20 events):
Event: 55811.380 GC heap after
{Heap after GC invocations=93 (full 15):
 garbage-first heap   total reserved 1533952K, committed 63488K, used 29656K [0x00000000a2600000, 0x0000000100000000)
  region size 1024K, 2 young (2048K), 2 survivors (2048K)
 Metaspace       used 73923K, committed 74624K, reserved 1179648K
  class space    used 8396K, committed 8704K, reserved 1048576K
}
Event: 55822.315 GC heap before
{Heap before GC invocations=93 (full 15):
 garbage-first heap   total reserved 1533952K, committed 63488K, used 30680K [0x00000000a2600000, 0x0000000100000000)
  region size 1024K, 3 young (3072K), 2 survivors (2048K)
 Metaspace       used 73923K, committed 74624K, reserved 1179648K
  class space    used 8396K, committed 8704K, reserved 1048576K
}
Event: 55822.334 GC heap after
{Heap after GC invocations=94 (full 15):
 garbage-first heap   total reserved 1533952K, committed 76800K, used 29702K [0x00000000a2600000, 0x0000000100000000)
  region size 1024K, 1 young (1024K), 1 survivors (1024K)
 Metaspace       used 73923K, committed 74624K, reserved 1179648K
  class space    used 8396K, committed 8704K, reserved 1048576K
}
Event: 55848.418 GC heap before
{Heap before GC invocations=95 (full 15):
 garbage-first heap   total reserved 1533952K, committed 76800K, used 31750K [0x00000000a2600000, 0x0000000100000000)
  region size 1024K, 3 young (3072K), 1 survivors (1024K)
 Metaspace       used 73919K, committed 74624K, reserved 1179648K
  class space    used 8395K, committed 8704K, reserved 1048576K
}
Event: 55848.422 GC heap after
{Heap after GC invocations=96 (full 15):
 garbage-first heap   total reserved 1533952K, committed 76800K, used 29546K [0x00000000a2600000, 0x0000000100000000)
  region size 1024K, 1 young (1024K), 1 survivors (1024K)
 Metaspace       used 73919K, committed 74624K, reserved 1179648K
  class space    used 8395K, committed 8704K, reserved 1048576K
}
Event: 55867.758 GC heap before
{Heap before GC invocations=96 (full 15):
 garbage-first heap   total reserved 1533952K, committed 76800K, used 30570K [0x00000000a2600000, 0x0000000100000000)
  region size 1024K, 3 young (3072K), 1 survivors (1024K)
 Metaspace       used 73924K, committed 74624K, reserved 1179648K
  class space    used 8396K, committed 8704K, reserved 1048576K
}
Event: 55867.863 GC heap after
{Heap after GC invocations=97 (full 16):
 garbage-first heap   total reserved 1533952K, committed 76800K, used 24710K [0x00000000a2600000, 0x0000000100000000)
  region size 1024K, 0 young (0K), 0 survivors (0K)
 Metaspace       used 73906K, committed 74624K, reserved 1179648K
  class space    used 8391K, committed 8704K, reserved 1048576K
}
Event: 55868.043 GC heap before
{Heap before GC invocations=97 (full 16):
 garbage-first heap   total reserved 1533952K, committed 76800K, used 27782K [0x00000000a2600000, 0x0000000100000000)
  region size 1024K, 3 young (3072K), 0 survivors (0K)
 Metaspace       used 73922K, committed 74624K, reserved 1179648K
  class space    used 8396K, committed 8704K, reserved 1048576K
}
Event: 55868.050 GC heap after
{Heap after GC invocations=98 (full 16):
 garbage-first heap   total reserved 1533952K, committed 76800K, used 25333K [0x00000000a2600000, 0x0000000100000000)
  region size 1024K, 1 young (1024K), 1 survivors (1024K)
 Metaspace       used 73922K, committed 74624K, reserved 1179648K
  class space    used 8396K, committed 8704K, reserved 1048576K
}
Event: 55868.226 GC heap before
{Heap before GC invocations=99 (full 16):
 garbage-first heap   total reserved 1533952K, committed 76800K, used 27381K [0x00000000a2600000, 0x0000000100000000)
  region size 1024K, 3 young (3072K), 1 survivors (1024K)
 Metaspace       used 73922K, committed 74624K, reserved 1179648K
  class space    used 8396K, committed 8704K, reserved 1048576K
}
Event: 55868.231 GC heap after
{Heap after GC invocations=100 (full 16):
 garbage-first heap   total reserved 1533952K, committed 76800K, used 25880K [0x00000000a2600000, 0x0000000100000000)
  region size 1024K, 1 young (1024K), 1 survivors (1024K)
 Metaspace       used 73922K, committed 74624K, reserved 1179648K
  class space    used 8396K, committed 8704K, reserved 1048576K
}
Event: 55868.353 GC heap before
{Heap before GC invocations=100 (full 16):
 garbage-first heap   total reserved 1533952K, committed 76800K, used 27928K [0x00000000a2600000, 0x0000000100000000)
  region size 1024K, 3 young (3072K), 1 survivors (1024K)
 Metaspace       used 73922K, committed 74624K, reserved 1179648K
  class space    used 8396K, committed 8704K, reserved 1048576K
}
Event: 55868.358 GC heap after
{Heap after GC invocations=101 (full 16):
 garbage-first heap   total reserved 1533952K, committed 76800K, used 26375K [0x00000000a2600000, 0x0000000100000000)
  region size 1024K, 1 young (1024K), 1 survivors (1024K)
 Metaspace       used 73922K, committed 74624K, reserved 1179648K
  class space    used 8396K, committed 8704K, reserved 1048576K
}
Event: 55871.952 GC heap before
{Heap before GC invocations=101 (full 16):
 garbage-first heap   total reserved 1533952K, committed 76800K, used 59143K [0x00000000a2600000, 0x0000000100000000)
  region size 1024K, 34 young (34816K), 1 survivors (1024K)
 Metaspace       used 74168K, committed 75008K, reserved 1179648K
  class space    used 8444K, committed 8832K, reserved 1048576K
}
Event: 55872.100 GC heap after
{Heap after GC invocations=102 (full 16):
 garbage-first heap   total reserved 1533952K, committed 76800K, used 30026K [0x00000000a2600000, 0x0000000100000000)
  region size 1024K, 5 young (5120K), 5 survivors (5120K)
 Metaspace       used 74168K, committed 75008K, reserved 1179648K
  class space    used 8444K, committed 8832K, reserved 1048576K
}
Event: 55872.545 GC heap before
{Heap before GC invocations=103 (full 16):
 garbage-first heap   total reserved 1533952K, committed 76800K, used 39242K [0x00000000a2600000, 0x0000000100000000)
  region size 1024K, 15 young (15360K), 5 survivors (5120K)
 Metaspace       used 74186K, committed 75008K, reserved 1179648K
  class space    used 8448K, committed 8832K, reserved 1048576K
}
Event: 55872.683 GC heap after
{Heap after GC invocations=104 (full 16):
 garbage-first heap   total reserved 1533952K, committed 76800K, used 31243K [0x00000000a2600000, 0x0000000100000000)
  region size 1024K, 2 young (2048K), 2 survivors (2048K)
 Metaspace       used 74186K, committed 75008K, reserved 1179648K
  class space    used 8448K, committed 8832K, reserved 1048576K
}
Event: 55872.812 GC heap before
{Heap before GC invocations=104 (full 16):
 garbage-first heap   total reserved 1533952K, committed 76800K, used 32267K [0x00000000a2600000, 0x0000000100000000)
  region size 1024K, 3 young (3072K), 2 survivors (2048K)
 Metaspace       used 74186K, committed 75008K, reserved 1179648K
  class space    used 8448K, committed 8832K, reserved 1048576K
}
Event: 55872.822 GC heap after
{Heap after GC invocations=105 (full 16):
 garbage-first heap   total reserved 1533952K, committed 76800K, used 31502K [0x00000000a2600000, 0x0000000100000000)
  region size 1024K, 1 young (1024K), 1 survivors (1024K)
 Metaspace       used 74186K, committed 75008K, reserved 1179648K
  class space    used 8448K, committed 8832K, reserved 1048576K
}
Event: 55875.413 GC heap before
{Heap before GC invocations=105 (full 16):
 garbage-first heap   total reserved 1533952K, committed 76800K, used 62222K [0x00000000a2600000, 0x0000000100000000)
  region size 1024K, 32 young (32768K), 1 survivors (1024K)
 Metaspace       used 74295K, committed 75136K, reserved 1179648K
  class space    used 8462K, committed 8832K, reserved 1048576K
}

